# JRE version: OpenJDK Runtime Environment (19.0.1+10) (build 19.0.1+10-21)
# Java VM: OpenJDK 64-Bit Server VM (19.0.1+10-21, mixed mode, emulated-client, sharing, tiered, compressed oops, compressed class ptrs, g1 gc, windows-amd64)
GC Precious Log:
 CardTable entry size: 512
 Card Set container configuration: InlinePtr #cards 4 size 8 Array Of Cards #cards 16 size 48 Howl #buckets 8 coarsen threshold 3686 Howl Bitmap #cards 512 size 80 coarsen threshold 460 Card regions per heap region 1 cards per card region 4096
 CPUs: 8 total, 8 available
 Memory: 16185M
 Large Page Support: Disabled
 NUMA Support: Disabled
 Compressed Oops: Enabled (Zero based)
 Heap Region Size: 2M
 Heap Min Capacity: 8M
 Heap Initial Capacity: 254M
 Heap Max Capacity: 4048M
 Pre-touch: Disabled
 Parallel Workers: 8
 Concurrent Workers: 2
 Concurrent Refinement Workers: 8
 Periodic GC: Disabled
Heap:
 garbage-first heap   total 159744K, used 69504K [0x0000000703000000, 0x0000000800000000)
  region size 2048K, 20 young (40960K), 3 survivors (6144K)
 Metaspace       used 73644K, committed 74496K, reserved 1114112K
  class space    used 10256K, committed 10624K, reserved 1048576K
GC Heap History (20 events):
Event: 12.499 GC heap after
{Heap after GC invocations=10 (full 0):
 garbage-first heap   total 157696K, used 21355K [0x0000000703000000, 0x0000000800000000)
  region size 2048K, 2 young (4096K), 2 survivors (4096K)
 Metaspace       used 34617K, committed 35136K, reserved 1114112K
  class space    used 4634K, committed 4864K, reserved 1048576K
}
Event: 12.743 GC heap before
{Heap before GC invocations=10 (full 0):
 garbage-first heap   total 157696K, used 23403K [0x0000000703000000, 0x0000000800000000)
  region size 2048K, 4 young (8192K), 2 survivors (4096K)
 Metaspace       used 35519K, committed 35968K, reserved 1114112K
  class space    used 4787K, committed 4992K, reserved 1048576K
}
Event: 12.752 GC heap after
{Heap after GC invocations=11 (full 0):
 garbage-first heap   total 157696K, used 21403K [0x0000000703000000, 0x0000000800000000)
  region size 2048K, 2 young (4096K), 2 survivors (4096K)
 Metaspace       used 35519K, committed 35968K, reserved 1114112K
  class space    used 4787K, committed 4992K, reserved 1048576K
}
Event: 16.360 GC heap before
{Heap before GC invocations=12 (full 0):
 garbage-first heap   total 90112K, used 70555K [0x0000000703000000, 0x0000000800000000)
  region size 2048K, 26 young (53248K), 2 survivors (4096K)
 Metaspace       used 49697K, committed 50304K, reserved 1114112K
  class space    used 6764K, committed 7040K, reserved 1048576K
}
Event: 16.376 GC heap after
{Heap after GC invocations=13 (full 0):
 garbage-first heap   total 90112K, used 25029K [0x0000000703000000, 0x0000000800000000)
  region size 2048K, 4 young (8192K), 4 survivors (8192K)
 Metaspace       used 49697K, committed 50304K, reserved 1114112K
  class space    used 6764K, committed 7040K, reserved 1048576K
}
Event: 16.513 GC heap before
{Heap before GC invocations=13 (full 0):
 garbage-first heap   total 90112K, used 27077K [0x0000000703000000, 0x0000000800000000)
  region size 2048K, 5 young (10240K), 4 survivors (8192K)
 Metaspace       used 50184K, committed 50752K, reserved 1114112K
  class space    used 6853K, committed 7104K, reserved 1048576K
}
Event: 16.529 GC heap after
{Heap after GC invocations=14 (full 0):
 garbage-first heap   total 90112K, used 25763K [0x0000000703000000, 0x0000000800000000)
  region size 2048K, 1 young (2048K), 1 survivors (2048K)
 Metaspace       used 50184K, committed 50752K, reserved 1114112K
  class space    used 6853K, committed 7104K, reserved 1048576K
}
Event: 19.273 GC heap before
{Heap before GC invocations=14 (full 0):
 garbage-first heap   total 90112K, used 64675K [0x0000000703000000, 0x0000000800000000)
  region size 2048K, 21 young (43008K), 1 survivors (2048K)
 Metaspace       used 58815K, committed 59520K, reserved 1114112K
  class space    used 8119K, committed 8448K, reserved 1048576K
}
Event: 19.283 GC heap after
{Heap after GC invocations=15 (full 0):
 garbage-first heap   total 90112K, used 27385K [0x0000000703000000, 0x0000000800000000)
  region size 2048K, 2 young (4096K), 2 survivors (4096K)
 Metaspace       used 58815K, committed 59520K, reserved 1114112K
  class space    used 8119K, committed 8448K, reserved 1048576K
}
Event: 19.899 GC heap before
{Heap before GC invocations=15 (full 0):
 garbage-first heap   total 90112K, used 39673K [0x0000000703000000, 0x0000000800000000)
  region size 2048K, 9 young (18432K), 2 survivors (4096K)
 Metaspace       used 59828K, committed 60480K, reserved 1114112K
  class space    used 8261K, committed 8576K, reserved 1048576K
}
Event: 19.910 GC heap after
{Heap after GC invocations=16 (full 0):
 garbage-first heap   total 90112K, used 28370K [0x0000000703000000, 0x0000000800000000)
  region size 2048K, 2 young (4096K), 2 survivors (4096K)
 Metaspace       used 59828K, committed 60480K, reserved 1114112K
  class space    used 8261K, committed 8576K, reserved 1048576K
}
Event: 21.568 GC heap before
{Heap before GC invocations=17 (full 0):
 garbage-first heap   total 90112K, used 67282K [0x0000000703000000, 0x0000000800000000)
  region size 2048K, 21 young (43008K), 2 survivors (4096K)
 Metaspace       used 62856K, committed 63616K, reserved 1114112K
  class space    used 8745K, committed 9088K, reserved 1048576K
}
Event: 21.585 GC heap after
{Heap after GC invocations=18 (full 0):
 garbage-first heap   total 90112K, used 31109K [0x0000000703000000, 0x0000000800000000)
  region size 2048K, 2 young (4096K), 2 survivors (4096K)
 Metaspace       used 62856K, committed 63616K, reserved 1114112K
  class space    used 8745K, committed 9088K, reserved 1048576K
}
Event: 21.680 GC heap before
{Heap before GC invocations=18 (full 0):
 garbage-first heap   total 90112K, used 33157K [0x0000000703000000, 0x0000000800000000)
  region size 2048K, 3 young (6144K), 2 survivors (4096K)
 Metaspace       used 62926K, committed 63680K, reserved 1114112K
  class space    used 8757K, committed 9088K, reserved 1048576K
}
Event: 21.697 GC heap after
{Heap after GC invocations=19 (full 0):
 garbage-first heap   total 90112K, used 31018K [0x0000000703000000, 0x0000000800000000)
  region size 2048K, 1 young (2048K), 1 survivors (2048K)
 Metaspace       used 62926K, committed 63680K, reserved 1114112K
  class space    used 8757K, committed 9088K, reserved 1048576K
}
Event: 32.262 GC heap before
{Heap before GC invocations=19 (full 0):
 garbage-first heap   total 90112K, used 67882K [0x0000000703000000, 0x0000000800000000)
  region size 2048K, 19 young (38912K), 1 survivors (2048K)
 Metaspace       used 66849K, committed 67648K, reserved 1114112K
  class space    used 9300K, committed 9664K, reserved 1048576K
}
Event: 32.277 GC heap after
{Heap after GC invocations=20 (full 0):
 garbage-first heap   total 159744K, used 33728K [0x0000000703000000, 0x0000000800000000)
  region size 2048K, 2 young (4096K), 2 survivors (4096K)
 Metaspace       used 66849K, committed 67648K, reserved 1114112K
  class space    used 9300K, committed 9664K, reserved 1048576K
}
Event: 761.994 GC heap before
{Heap before GC invocations=20 (full 0):
 garbage-first heap   total 159744K, used 123840K [0x0000000703000000, 0x0000000800000000)
  region size 2048K, 46 young (94208K), 2 survivors (4096K)
 Metaspace       used 73475K, committed 74240K, reserved 1114112K
  class space    used 10223K, committed 10560K, reserved 1048576K
}
Event: 762.013 GC heap after
{Heap after GC invocations=21 (full 0):
 garbage-first heap   total 159744K, used 35343K [0x0000000703000000, 0x0000000800000000)
  region size 2048K, 3 young (6144K), 3 survivors (6144K)
 Metaspace       used 73475K, committed 74240K, reserved 1114112K
  class space    used 10223K, committed 10560K, reserved 1048576K
}
Event: 975.753 GC heap before
{Heap before GC invocations=21 (full 0):
 garbage-first heap   total 159744K, used 68111K [0x0000000703000000, 0x0000000800000000)
  region size 2048K, 20 young (40960K), 3 survivors (6144K)
 Metaspace       used 73644K, committed 74496K, reserved 1114112K
  class space    used 10256K, committed 10624K, reserved 1048576K
}

